<?xml version="1.0" encoding="UTF-8"?>
<!-- Generated by org.testng.reporters.JUnitReportReporter -->
<testsuite hostname="LAPTOP-LURRNF8O" failures="0" tests="1" name="Com.ProjectName.qa.Test.RegistrtionTest" time="2.696" errors="0" timestamp="19 Dec 2022 13:43:13 GMT">
  <testcase classname="Com.ProjectName.qa.Test.RegistrtionTest" name="FacebookregistrationPageTest_Positive" time="2.696"/>
</testsuite>
