<?xml version="1.0" encoding="UTF-8"?>
<!-- Generated by org.testng.reporters.JUnitReportReporter -->
<testsuite hostname="LAPTOP-LURRNF8O" failures="0" tests="1" name="Com.ProjectName.qa.Test.LoginPageTest" time="0.905" errors="0" timestamp="19 Dec 2022 13:43:13 GMT">
  <testcase classname="Com.ProjectName.qa.Test.LoginPageTest" name="FacebookLoginPageTest" time="0.905"/>
</testsuite>
